[ 2016-08-10T11:16:36+08:00 ] 192.168.1.42 /Discuz/upload/focus_sg/get/liuyan?
INFO: [ app_init ] --START--
INFO: Run Behavior\BuildLiteBehavior [ RunTime:0.000000s ]
INFO: [ app_init ] --END-- [ RunTime:0.000000s ]
INFO: [ app_begin ] --START--
INFO: Run Behavior\ReadHtmlCacheBehavior [ RunTime:0.000000s ]
INFO: [ app_begin ] --END-- [ RunTime:0.000000s ]

[ 2016-08-10T11:27:21+08:00 ] 192.168.1.42 /Discuz/upload/focus_sg/get/thread?
INFO: [ app_init ] --START--
INFO: Run Behavior\BuildLiteBehavior [ RunTime:0.000000s ]
INFO: [ app_init ] --END-- [ RunTime:0.001000s ]
INFO: [ app_begin ] --START--
INFO: Run Behavior\ReadHtmlCacheBehavior [ RunTime:0.001000s ]
INFO: [ app_begin ] --END-- [ RunTime:0.001000s ]
SQL: SHOW COLUMNS FROM `pre_focus_ouath_token` [ RunTime:0.0110s ]
NOTIC: [8] Undefined variable: time E:\www\Discuz\upload\focus_sg\ThinkPHP\Library\Think\OAuth.class.php 第 60 行.
SQL: SELECT `access_token`,`atoken_expires` FROM `pre_focus_ouath_token` WHERE ( user_id=1 ) LIMIT 1   [ RunTime:0.0010s ]

[ 2016-08-10T11:28:06+08:00 ] 192.168.1.42 /Discuz/upload/focus_sg/get/thread?
INFO: [ app_init ] --START--
INFO: Run Behavior\BuildLiteBehavior [ RunTime:0.000000s ]
INFO: [ app_init ] --END-- [ RunTime:0.001000s ]
INFO: [ app_begin ] --START--
INFO: Run Behavior\ReadHtmlCacheBehavior [ RunTime:0.001000s ]
INFO: [ app_begin ] --END-- [ RunTime:0.001000s ]
SQL: SHOW COLUMNS FROM `pre_focus_ouath_token` [ RunTime:0.0070s ]
NOTIC: [8] Undefined variable: time E:\www\Discuz\upload\focus_sg\ThinkPHP\Library\Think\OAuth.class.php 第 60 行.
SQL: SELECT `access_token`,`atoken_expires` FROM `pre_focus_ouath_token` WHERE ( user_id=1 ) LIMIT 1   [ RunTime:0.0000s ]

[ 2016-08-10T11:28:28+08:00 ] 192.168.1.42 /Discuz/upload/focus_sg/get/thread?
INFO: [ app_init ] --START--
INFO: Run Behavior\BuildLiteBehavior [ RunTime:0.000000s ]
INFO: [ app_init ] --END-- [ RunTime:0.000000s ]
INFO: [ app_begin ] --START--
INFO: Run Behavior\ReadHtmlCacheBehavior [ RunTime:0.000000s ]
INFO: [ app_begin ] --END-- [ RunTime:0.000000s ]
SQL: SHOW COLUMNS FROM `pre_focus_ouath_token` [ RunTime:0.0000s ]
NOTIC: [8] Undefined variable: time E:\www\Discuz\upload\focus_sg\ThinkPHP\Library\Think\OAuth.class.php 第 60 行.
SQL: SELECT `access_token`,`atoken_expires` FROM `pre_focus_ouath_token` WHERE ( user_id=1 ) LIMIT 1   [ RunTime:0.0000s ]

[ 2016-08-10T11:29:17+08:00 ] 192.168.1.42 /Discuz/upload/focus_sg/get/thread?
INFO: [ app_init ] --START--
INFO: Run Behavior\BuildLiteBehavior [ RunTime:0.000000s ]
INFO: [ app_init ] --END-- [ RunTime:0.000000s ]
INFO: [ app_begin ] --START--
INFO: Run Behavior\ReadHtmlCacheBehavior [ RunTime:0.001000s ]
INFO: [ app_begin ] --END-- [ RunTime:0.001000s ]
SQL: SHOW COLUMNS FROM `pre_focus_ouath_token` [ RunTime:0.0070s ]
NOTIC: [8] Undefined variable: time E:\www\Discuz\upload\focus_sg\ThinkPHP\Library\Think\OAuth.class.php 第 60 行.
SQL: SELECT `access_token`,`atoken_expires` FROM `pre_focus_ouath_token` WHERE ( user_id=1 ) LIMIT 1   [ RunTime:0.0010s ]

[ 2016-08-10T11:31:04+08:00 ] 192.168.1.42 /Discuz/upload/focus_sg/get/thread?
INFO: [ app_init ] --START--
INFO: Run Behavior\BuildLiteBehavior [ RunTime:0.000000s ]
INFO: [ app_init ] --END-- [ RunTime:0.000000s ]
INFO: [ app_begin ] --START--
INFO: Run Behavior\ReadHtmlCacheBehavior [ RunTime:0.000000s ]
INFO: [ app_begin ] --END-- [ RunTime:0.000000s ]
SQL: SHOW COLUMNS FROM `pre_focus_ouath_token` [ RunTime:0.0000s ]
NOTIC: [8] Undefined variable: time E:\www\Discuz\upload\focus_sg\ThinkPHP\Library\Think\OAuth.class.php 第 60 行.
SQL: SELECT `access_token`,`atoken_expires` FROM `pre_focus_ouath_token` WHERE ( user_id=1 ) LIMIT 1   [ RunTime:0.0000s ]
NOTIC: [8] Undefined variable: arr E:\www\Discuz\upload\focus_sg\Application\Home\Controller\NavigatController.class.php 第 76 行.

[ 2016-08-10T11:31:56+08:00 ] 192.168.1.42 /Discuz/upload/focus_sg/get/thread?
INFO: [ app_init ] --START--
INFO: Run Behavior\BuildLiteBehavior [ RunTime:0.000000s ]
INFO: [ app_init ] --END-- [ RunTime:0.000000s ]
INFO: [ app_begin ] --START--
INFO: Run Behavior\ReadHtmlCacheBehavior [ RunTime:0.000000s ]
INFO: [ app_begin ] --END-- [ RunTime:0.000000s ]
SQL: SHOW COLUMNS FROM `pre_focus_ouath_token` [ RunTime:0.0000s ]
NOTIC: [8] Undefined variable: time E:\www\Discuz\upload\focus_sg\ThinkPHP\Library\Think\OAuth.class.php 第 60 行.
SQL: SELECT `access_token`,`atoken_expires` FROM `pre_focus_ouath_token` WHERE ( user_id=1 ) LIMIT 1   [ RunTime:0.0100s ]

[ 2016-08-10T11:33:23+08:00 ] 192.168.1.42 /Discuz/upload/focus_sg/get/thread?
INFO: [ app_init ] --START--
INFO: Run Behavior\BuildLiteBehavior [ RunTime:0.000000s ]
INFO: [ app_init ] --END-- [ RunTime:0.001000s ]
INFO: [ app_begin ] --START--
INFO: Run Behavior\ReadHtmlCacheBehavior [ RunTime:0.000000s ]
INFO: [ app_begin ] --END-- [ RunTime:0.000000s ]
SQL: SHOW COLUMNS FROM `pre_focus_ouath_token` [ RunTime:0.0060s ]
NOTIC: [8] Undefined variable: time E:\www\Discuz\upload\focus_sg\ThinkPHP\Library\Think\OAuth.class.php 第 60 行.
SQL: SELECT `access_token`,`atoken_expires` FROM `pre_focus_ouath_token` WHERE ( user_id=1 ) LIMIT 1   [ RunTime:0.0000s ]
SQL: SHOW COLUMNS FROM `pre_common_member` [ RunTime:0.0060s ]
SQL: SHOW COLUMNS FROM `pre_forum_thread` [ RunTime:0.0070s ]
SQL: SHOW COLUMNS FROM `pre_forum_forumfield` [ RunTime:0.0060s ]
SQL: SELECT `adminid`,`groupid` FROM `pre_common_member` WHERE ( uid=1 ) LIMIT 1   [ RunTime:0.0010s ]
SQL: SELECT `viewperm` FROM `pre_forum_forumfield` WHERE ( fid=2 ) LIMIT 1   [ RunTime:0.0000s ]
SQL: SELECT COUNT(*) AS tp_count FROM `pre_forum_thread` WHERE `fid` = 2 AND `displayorder` >= 0 LIMIT 1   [ RunTime:0.0000s ]
SQL: SELECT `tid`,`fid`,`author`,`dateline`,`subject`,`views` FROM `pre_forum_thread` WHERE `fid` = 2 AND `displayorder` >= 0 ORDER BY displayorder desc LIMIT 0,20   [ RunTime:0.0000s ]

[ 2016-08-10T11:33:38+08:00 ] 192.168.1.42 /Discuz/upload/focus_sg/get/thread?
INFO: [ app_init ] --START--
INFO: Run Behavior\BuildLiteBehavior [ RunTime:0.000000s ]
INFO: [ app_init ] --END-- [ RunTime:0.000000s ]
INFO: [ app_begin ] --START--
INFO: Run Behavior\ReadHtmlCacheBehavior [ RunTime:0.000000s ]
INFO: [ app_begin ] --END-- [ RunTime:0.000000s ]
SQL: SHOW COLUMNS FROM `pre_focus_ouath_token` [ RunTime:0.0100s ]
NOTIC: [8] Undefined variable: time E:\www\Discuz\upload\focus_sg\ThinkPHP\Library\Think\OAuth.class.php 第 60 行.
SQL: SELECT `access_token`,`atoken_expires` FROM `pre_focus_ouath_token` WHERE ( user_id=1 ) LIMIT 1   [ RunTime:0.0000s ]
SQL: SHOW COLUMNS FROM `pre_common_member` [ RunTime:0.0100s ]
SQL: SHOW COLUMNS FROM `pre_forum_thread` [ RunTime:0.0100s ]
SQL: SHOW COLUMNS FROM `pre_forum_forumfield` [ RunTime:0.0000s ]
SQL: SELECT `adminid`,`groupid` FROM `pre_common_member` WHERE ( uid=1 ) LIMIT 1   [ RunTime:0.0000s ]
SQL: SELECT `viewperm` FROM `pre_forum_forumfield` WHERE ( fid=2 ) LIMIT 1   [ RunTime:0.0000s ]
SQL: SELECT COUNT(*) AS tp_count FROM `pre_forum_thread` WHERE `fid` = 2 AND `displayorder` >= 0 LIMIT 1   [ RunTime:0.0000s ]
SQL: SELECT `tid`,`fid`,`author`,`dateline`,`subject`,`views` FROM `pre_forum_thread` WHERE `fid` = 2 AND `displayorder` >= 0 ORDER BY displayorder desc LIMIT 0,20   [ RunTime:0.0000s ]

[ 2016-08-10T11:33:51+08:00 ] 192.168.1.42 /Discuz/upload/focus_sg/get/thread?
INFO: [ app_init ] --START--
INFO: Run Behavior\BuildLiteBehavior [ RunTime:0.000000s ]
INFO: [ app_init ] --END-- [ RunTime:0.000000s ]
INFO: [ app_begin ] --START--
INFO: Run Behavior\ReadHtmlCacheBehavior [ RunTime:0.000000s ]
INFO: [ app_begin ] --END-- [ RunTime:0.000000s ]
SQL: SHOW COLUMNS FROM `pre_focus_ouath_token` [ RunTime:0.0100s ]
NOTIC: [8] Undefined variable: time E:\www\Discuz\upload\focus_sg\ThinkPHP\Library\Think\OAuth.class.php 第 60 行.
SQL: SELECT `access_token`,`atoken_expires` FROM `pre_focus_ouath_token` WHERE ( user_id=1 ) LIMIT 1   [ RunTime:0.0000s ]
SQL: SHOW COLUMNS FROM `pre_common_member` [ RunTime:0.0000s ]
SQL: SHOW COLUMNS FROM `pre_forum_thread` [ RunTime:0.0100s ]
SQL: SHOW COLUMNS FROM `pre_forum_forumfield` [ RunTime:0.0100s ]
SQL: SELECT `adminid`,`groupid` FROM `pre_common_member` WHERE ( uid=1 ) LIMIT 1   [ RunTime:0.0000s ]
SQL: SELECT `viewperm` FROM `pre_forum_forumfield` WHERE ( fid=2 ) LIMIT 1   [ RunTime:0.0000s ]
SQL: SELECT COUNT(*) AS tp_count FROM `pre_forum_thread` WHERE `fid` = 2 AND `displayorder` >= 0 LIMIT 1   [ RunTime:0.0000s ]
SQL: SELECT `tid`,`fid`,`author`,`dateline`,`subject`,`views` FROM `pre_forum_thread` WHERE `fid` = 2 AND `displayorder` >= 0 ORDER BY displayorder desc LIMIT 0,20   [ RunTime:0.0000s ]

[ 2016-08-10T11:45:13+08:00 ] 127.0.0.1 /focus_sg/check/key
INFO: [ app_init ] --START--
INFO: Run Behavior\BuildLiteBehavior [ RunTime:0.000000s ]
INFO: [ app_init ] --END-- [ RunTime:0.000000s ]
INFO: [ app_begin ] --START--
INFO: Run Behavior\ReadHtmlCacheBehavior [ RunTime:0.001000s ]
INFO: [ app_begin ] --END-- [ RunTime:0.001000s ]
NOTIC: [8] A session had already been started - ignoring session_start() E:\www\Discuz\upload\focus_sg\Application\Home\Controller\OAuthController.class.php 第 11 行.
SQL: SHOW COLUMNS FROM `pre_focus_ouath_client` [ RunTime:0.0320s ]
SQL: SELECT `secretkey` FROM `pre_focus_ouath_client` WHERE ( appkey='d43777377ef73dbfca795909d1149960' ) LIMIT 1   [ RunTime:0.0130s ]

[ 2016-08-10T11:45:15+08:00 ] 127.0.0.1 /focus_sg/index.php/OAuth/login.html
INFO: [ app_init ] --START--
INFO: Run Behavior\BuildLiteBehavior [ RunTime:0.000000s ]
INFO: [ app_init ] --END-- [ RunTime:0.000000s ]
INFO: [ app_begin ] --START--
INFO: Run Behavior\ReadHtmlCacheBehavior [ RunTime:0.001000s ]
INFO: [ app_begin ] --END-- [ RunTime:0.001000s ]
INFO: [ view_parse ] --START--
INFO: [ template_filter ] --START--
INFO: Run Behavior\ContentReplaceBehavior [ RunTime:0.000000s ]
INFO: [ template_filter ] --END-- [ RunTime:0.001000s ]
INFO: Run Behavior\ParseTemplateBehavior [ RunTime:0.038000s ]
INFO: [ view_parse ] --END-- [ RunTime:0.038000s ]
INFO: [ view_filter ] --START--
INFO: Run Behavior\WriteHtmlCacheBehavior [ RunTime:0.005000s ]
INFO: [ view_filter ] --END-- [ RunTime:0.005000s ]
INFO: [ app_end ] --START--
INFO: Run Behavior\ShowPageTraceBehavior [ RunTime:0.007000s ]
INFO: [ app_end ] --END-- [ RunTime:0.007000s ]

[ 2016-08-10T11:45:28+08:00 ] 127.0.0.1 /focus_sg/index.php/OAuth/login.html
INFO: [ app_init ] --START--
INFO: Run Behavior\BuildLiteBehavior [ RunTime:0.000000s ]
INFO: [ app_init ] --END-- [ RunTime:0.001000s ]
INFO: [ app_begin ] --START--
INFO: Run Behavior\ReadHtmlCacheBehavior [ RunTime:0.000000s ]
INFO: [ app_begin ] --END-- [ RunTime:0.000000s ]
INFO: [ view_parse ] --START--
INFO: [ template_filter ] --START--
INFO: Run Behavior\ContentReplaceBehavior [ RunTime:0.000000s ]
INFO: [ template_filter ] --END-- [ RunTime:0.000000s ]
INFO: Run Behavior\ParseTemplateBehavior [ RunTime:0.007000s ]
INFO: [ view_parse ] --END-- [ RunTime:0.007000s ]
INFO: [ view_filter ] --START--
INFO: Run Behavior\WriteHtmlCacheBehavior [ RunTime:0.001000s ]
INFO: [ view_filter ] --END-- [ RunTime:0.001000s ]
INFO: [ app_end ] --START--
INFO: Run Behavior\ShowPageTraceBehavior [ RunTime:0.000000s ]
INFO: [ app_end ] --END-- [ RunTime:0.000000s ]

[ 2016-08-10T11:46:10+08:00 ] 127.0.0.1 /focus_sg/index.php/OAuth/login.html
INFO: [ app_init ] --START--
INFO: Run Behavior\BuildLiteBehavior [ RunTime:0.000000s ]
INFO: [ app_init ] --END-- [ RunTime:0.000000s ]
INFO: [ app_begin ] --START--
INFO: Run Behavior\ReadHtmlCacheBehavior [ RunTime:0.000000s ]
INFO: [ app_begin ] --END-- [ RunTime:0.000000s ]
INFO: [ view_parse ] --START--
INFO: [ template_filter ] --START--
INFO: Run Behavior\ContentReplaceBehavior [ RunTime:0.000000s ]
INFO: [ template_filter ] --END-- [ RunTime:0.000000s ]
INFO: Run Behavior\ParseTemplateBehavior [ RunTime:0.000000s ]
INFO: [ view_parse ] --END-- [ RunTime:0.000000s ]
INFO: [ view_filter ] --START--
INFO: Run Behavior\WriteHtmlCacheBehavior [ RunTime:0.000000s ]
INFO: [ view_filter ] --END-- [ RunTime:0.000000s ]
INFO: [ app_end ] --START--
INFO: Run Behavior\ShowPageTraceBehavior [ RunTime:0.000000s ]
INFO: [ app_end ] --END-- [ RunTime:0.000000s ]

[ 2016-08-10T11:46:55+08:00 ] 127.0.0.1 /focus_sg/index.php/OAuth/login.html
INFO: [ app_init ] --START--
INFO: Run Behavior\BuildLiteBehavior [ RunTime:0.000000s ]
INFO: [ app_init ] --END-- [ RunTime:0.000000s ]
INFO: [ app_begin ] --START--
INFO: Run Behavior\ReadHtmlCacheBehavior [ RunTime:0.000000s ]
INFO: [ app_begin ] --END-- [ RunTime:0.010000s ]
INFO: [ view_parse ] --START--
INFO: [ template_filter ] --START--
INFO: Run Behavior\ContentReplaceBehavior [ RunTime:0.000000s ]
INFO: [ template_filter ] --END-- [ RunTime:0.000000s ]
INFO: Run Behavior\ParseTemplateBehavior [ RunTime:0.010000s ]
INFO: [ view_parse ] --END-- [ RunTime:0.010000s ]
INFO: [ view_filter ] --START--
INFO: Run Behavior\WriteHtmlCacheBehavior [ RunTime:0.000000s ]
INFO: [ view_filter ] --END-- [ RunTime:0.000000s ]
INFO: [ app_end ] --START--
INFO: Run Behavior\ShowPageTraceBehavior [ RunTime:0.000000s ]
INFO: [ app_end ] --END-- [ RunTime:0.000000s ]

