[ 2016-08-01T11:35:48+08:00 ] 192.168.1.42 /Discuz/focus_sg/index.php/set/key?
INFO: [ app_init ] --START--
INFO: Run Behavior\BuildLiteBehavior [ RunTime:0.000000s ]
INFO: [ app_init ] --END-- [ RunTime:0.000000s ]
INFO: [ app_begin ] --START--
INFO: Run Behavior\ReadHtmlCacheBehavior [ RunTime:0.000000s ]
INFO: [ app_begin ] --END-- [ RunTime:0.000000s ]
ERR: 无法加载数据库驱动: Think\Db\Driver\

[ 2016-08-01T11:37:28+08:00 ] 192.168.1.42 /Discuz/focus_sg/index.php/set/key?
INFO: [ app_init ] --START--
INFO: Run Behavior\BuildLiteBehavior [ RunTime:0.000000s ]
INFO: [ app_init ] --END-- [ RunTime:0.001000s ]
INFO: [ app_begin ] --START--
INFO: Run Behavior\ReadHtmlCacheBehavior [ RunTime:0.001000s ]
INFO: [ app_begin ] --END-- [ RunTime:0.001000s ]
ERR: 无法加载数据库驱动: Think\Db\Driver\

[ 2016-08-01T11:39:50+08:00 ] 192.168.1.42 /Discuz/focus_sg/index.php/set/key?
INFO: [ app_init ] --START--
INFO: Run Behavior\BuildLiteBehavior [ RunTime:0.000000s ]
INFO: [ app_init ] --END-- [ RunTime:0.000000s ]
INFO: [ app_begin ] --START--
INFO: Run Behavior\ReadHtmlCacheBehavior [ RunTime:0.001000s ]
INFO: [ app_begin ] --END-- [ RunTime:0.001000s ]
ERR: 1146:La table 'discuz.pre_o_auth' n'existe pas
 [ SQL语句 ] : SHOW COLUMNS FROM `pre_o_auth`
ERR: 1146:La table 'discuz.pre_o_auth' n'existe pas
 [ SQL语句 ] : SHOW COLUMNS FROM `pre_o_auth`

[ 2016-08-01T11:40:38+08:00 ] 192.168.1.42 /Discuz/focus_sg/index.php/set/key?
INFO: [ app_init ] --START--
INFO: Run Behavior\BuildLiteBehavior [ RunTime:0.000000s ]
INFO: [ app_init ] --END-- [ RunTime:0.000000s ]
INFO: [ app_begin ] --START--
INFO: Run Behavior\ReadHtmlCacheBehavior [ RunTime:0.000000s ]
INFO: [ app_begin ] --END-- [ RunTime:0.000000s ]
ERR: 1146:La table 'discuz.pre_o_auth' n'existe pas
 [ SQL语句 ] : SHOW COLUMNS FROM `pre_o_auth`
ERR: 1146:La table 'discuz.pre_o_auth' n'existe pas
 [ SQL语句 ] : SHOW COLUMNS FROM `pre_o_auth`

[ 2016-08-01T11:44:23+08:00 ] 192.168.1.42 /Discuz/focus_sg/index.php/set/key?
INFO: [ app_init ] --START--
INFO: Run Behavior\BuildLiteBehavior [ RunTime:0.000000s ]
INFO: [ app_init ] --END-- [ RunTime:0.001000s ]
INFO: [ app_begin ] --START--
INFO: Run Behavior\ReadHtmlCacheBehavior [ RunTime:0.001000s ]
INFO: [ app_begin ] --END-- [ RunTime:0.001000s ]
ERR: 1146:La table 'discuz.pre_o_auth' n'existe pas
 [ SQL语句 ] : SHOW COLUMNS FROM `pre_o_auth`
ERR: 1146:La table 'discuz.pre_o_auth' n'existe pas
 [ SQL语句 ] : SHOW COLUMNS FROM `pre_o_auth`

[ 2016-08-01T11:45:13+08:00 ] 192.168.1.42 /Discuz/focus_sg/index.php/set/key?
INFO: [ app_init ] --START--
INFO: Run Behavior\BuildLiteBehavior [ RunTime:0.000000s ]
INFO: [ app_init ] --END-- [ RunTime:0.001000s ]
INFO: [ app_begin ] --START--
INFO: Run Behavior\ReadHtmlCacheBehavior [ RunTime:0.000000s ]
INFO: [ app_begin ] --END-- [ RunTime:0.001000s ]
ERR: 1146:La table 'discuz.pre_o_auth' n'existe pas
 [ SQL语句 ] : SHOW COLUMNS FROM `pre_o_auth`
ERR: 1146:La table 'discuz.pre_o_auth' n'existe pas
 [ SQL语句 ] : SHOW COLUMNS FROM `pre_o_auth`

[ 2016-08-01T11:48:59+08:00 ] 192.168.1.42 /Discuz/focus_sg/index.php/set/key?
INFO: [ app_init ] --START--
INFO: Run Behavior\BuildLiteBehavior [ RunTime:0.000000s ]
INFO: [ app_init ] --END-- [ RunTime:0.000000s ]
INFO: [ app_begin ] --START--
INFO: Run Behavior\ReadHtmlCacheBehavior [ RunTime:0.001000s ]
INFO: [ app_begin ] --END-- [ RunTime:0.001000s ]
ERR: 1146:La table 'discuz.focus_o_auth' n'existe pas
 [ SQL语句 ] : SHOW COLUMNS FROM `focus_o_auth`
ERR: 1146:La table 'discuz.focus_o_auth' n'existe pas
 [ SQL语句 ] : SHOW COLUMNS FROM `focus_o_auth`

[ 2016-08-01T11:49:50+08:00 ] 192.168.1.42 /Discuz/focus_sg/index.php/set/key?
INFO: [ app_init ] --START--
INFO: Run Behavior\BuildLiteBehavior [ RunTime:0.000000s ]
INFO: [ app_init ] --END-- [ RunTime:0.001000s ]
INFO: [ app_begin ] --START--
INFO: Run Behavior\ReadHtmlCacheBehavior [ RunTime:0.001000s ]
INFO: [ app_begin ] --END-- [ RunTime:0.001000s ]
ERR: 1146:La table 'discuz.focus_o_auth' n'existe pas
 [ SQL语句 ] : SHOW COLUMNS FROM `focus_o_auth`
ERR: 1146:La table 'discuz.focus_o_auth' n'existe pas
 [ SQL语句 ] : SHOW COLUMNS FROM `focus_o_auth`

[ 2016-08-01T11:50:10+08:00 ] 192.168.1.42 /Discuz/focus_sg/index.php/set/key?
INFO: [ app_init ] --START--
INFO: Run Behavior\BuildLiteBehavior [ RunTime:0.000000s ]
INFO: [ app_init ] --END-- [ RunTime:0.000000s ]
INFO: [ app_begin ] --START--
INFO: Run Behavior\ReadHtmlCacheBehavior [ RunTime:0.000000s ]
INFO: [ app_begin ] --END-- [ RunTime:0.001000s ]
ERR: 1146:La table 'discuz.focus_o_auth' n'existe pas
 [ SQL语句 ] : SHOW COLUMNS FROM `focus_o_auth`
ERR: 1146:La table 'discuz.focus_o_auth' n'existe pas
 [ SQL语句 ] : SHOW COLUMNS FROM `focus_o_auth`

[ 2016-08-01T11:53:17+08:00 ] 192.168.1.42 /Discuz/focus_sg/index.php/set/key?
INFO: [ app_init ] --START--
INFO: Run Behavior\BuildLiteBehavior [ RunTime:0.000000s ]
INFO: [ app_init ] --END-- [ RunTime:0.001000s ]
INFO: [ app_begin ] --START--
INFO: Run Behavior\ReadHtmlCacheBehavior [ RunTime:0.001000s ]
INFO: [ app_begin ] --END-- [ RunTime:0.001000s ]
ERR: 1146:La table 'discuz.focus_o_auth' n'existe pas
 [ SQL语句 ] : SHOW COLUMNS FROM `focus_o_auth`
ERR: 1146:La table 'discuz.focus_o_auth' n'existe pas
 [ SQL语句 ] : SHOW COLUMNS FROM `focus_o_auth`

[ 2016-08-01T11:53:29+08:00 ] 192.168.1.42 /Discuz/focus_sg/index.php/set/key?
INFO: [ app_init ] --START--
INFO: Run Behavior\BuildLiteBehavior [ RunTime:0.000000s ]
INFO: [ app_init ] --END-- [ RunTime:0.002000s ]
INFO: [ app_begin ] --START--
INFO: Run Behavior\ReadHtmlCacheBehavior [ RunTime:0.002000s ]
INFO: [ app_begin ] --END-- [ RunTime:0.002000s ]
ERR: 1146:La table 'discuz.focus_o_auth' n'existe pas
 [ SQL语句 ] : SHOW COLUMNS FROM `focus_o_auth`
ERR: 1146:La table 'discuz.focus_o_auth' n'existe pas
 [ SQL语句 ] : SHOW COLUMNS FROM `focus_o_auth`

[ 2016-08-01T11:53:50+08:00 ] 192.168.1.42 /Discuz/focus_sg/index.php/set/key?
INFO: [ app_init ] --START--
INFO: Run Behavior\BuildLiteBehavior [ RunTime:0.000000s ]
INFO: [ app_init ] --END-- [ RunTime:0.001000s ]
INFO: [ app_begin ] --START--
INFO: Run Behavior\ReadHtmlCacheBehavior [ RunTime:0.001000s ]
INFO: [ app_begin ] --END-- [ RunTime:0.001000s ]
ERR: 1146:La table 'discuz.pre_o_auth' n'existe pas
 [ SQL语句 ] : SHOW COLUMNS FROM `pre_o_auth`
ERR: 1146:La table 'discuz.pre_o_auth' n'existe pas
 [ SQL语句 ] : SHOW COLUMNS FROM `pre_o_auth`

[ 2016-08-01T11:56:13+08:00 ] 192.168.1.42 /Discuz/focus_sg/index.php/set/key?
INFO: [ app_init ] --START--
INFO: Run Behavior\BuildLiteBehavior [ RunTime:0.000000s ]
INFO: [ app_init ] --END-- [ RunTime:0.000000s ]
INFO: [ app_begin ] --START--
INFO: Run Behavior\ReadHtmlCacheBehavior [ RunTime:0.000000s ]
INFO: [ app_begin ] --END-- [ RunTime:0.000000s ]
ERR: 1146:La table 'discuz.pre_o_auth' n'existe pas
 [ SQL语句 ] : SHOW COLUMNS FROM `pre_o_auth`
ERR: 1146:La table 'discuz.pre_o_auth' n'existe pas
 [ SQL语句 ] : SHOW COLUMNS FROM `pre_o_auth`

[ 2016-08-01T11:56:30+08:00 ] 192.168.1.42 /Discuz/focus_sg/index.php/set/key?
INFO: [ app_init ] --START--
INFO: Run Behavior\BuildLiteBehavior [ RunTime:0.000000s ]
INFO: [ app_init ] --END-- [ RunTime:0.000000s ]
INFO: [ app_begin ] --START--
INFO: Run Behavior\ReadHtmlCacheBehavior [ RunTime:0.000000s ]
INFO: [ app_begin ] --END-- [ RunTime:0.000000s ]
ERR: 1146:La table 'discuz.pre_o_auth' n'existe pas
 [ SQL语句 ] : SHOW COLUMNS FROM `pre_o_auth`
ERR: 1146:La table 'discuz.pre_o_auth' n'existe pas
 [ SQL语句 ] : SHOW COLUMNS FROM `pre_o_auth`

[ 2016-08-01T11:56:42+08:00 ] 192.168.1.42 /Discuz/focus_sg/index.php/set/key?
INFO: [ app_init ] --START--
INFO: Run Behavior\BuildLiteBehavior [ RunTime:0.000000s ]
INFO: [ app_init ] --END-- [ RunTime:0.001000s ]
INFO: [ app_begin ] --START--
INFO: Run Behavior\ReadHtmlCacheBehavior [ RunTime:0.001000s ]
INFO: [ app_begin ] --END-- [ RunTime:0.001000s ]
ERR: 1146:La table 'discuz.pre_o_auth' n'existe pas
 [ SQL语句 ] : SHOW COLUMNS FROM `pre_o_auth`
ERR: 1146:La table 'discuz.pre_o_auth' n'existe pas
 [ SQL语句 ] : SHOW COLUMNS FROM `pre_o_auth`

[ 2016-08-01T11:59:22+08:00 ] 192.168.1.42 /Discuz/focus_sg/index.php/set/key
INFO: [ app_init ] --START--
INFO: Run Behavior\BuildLiteBehavior [ RunTime:0.000000s ]
INFO: [ app_init ] --END-- [ RunTime:0.000000s ]
INFO: [ app_begin ] --START--
INFO: Run Behavior\ReadHtmlCacheBehavior [ RunTime:0.000000s ]
INFO: [ app_begin ] --END-- [ RunTime:0.001000s ]
ERR: 1146:La table 'discuz.pre_o_auth' n'existe pas
 [ SQL语句 ] : SHOW COLUMNS FROM `pre_o_auth`
ERR: 1146:La table 'discuz.pre_o_auth' n'existe pas
 [ SQL语句 ] : SHOW COLUMNS FROM `pre_o_auth`

[ 2016-08-01T13:36:13+08:00 ] 192.168.1.42 /Discuz/focus_sg/index.php/set/key
INFO: [ app_init ] --START--
INFO: Run Behavior\BuildLiteBehavior [ RunTime:0.000000s ]
INFO: [ app_init ] --END-- [ RunTime:0.001000s ]
INFO: [ app_begin ] --START--
INFO: Run Behavior\ReadHtmlCacheBehavior [ RunTime:0.000000s ]
INFO: [ app_begin ] --END-- [ RunTime:0.000000s ]
ERR: 1146:La table 'discuz.pre_o_auth' n'existe pas
 [ SQL语句 ] : SHOW COLUMNS FROM `pre_o_auth`
ERR: 1146:La table 'discuz.pre_o_auth' n'existe pas
 [ SQL语句 ] : SHOW COLUMNS FROM `pre_o_auth`

[ 2016-08-01T13:36:53+08:00 ] 192.168.1.42 /Discuz/focus_sg/index.php/set/key
INFO: [ app_init ] --START--
INFO: Run Behavior\BuildLiteBehavior [ RunTime:0.000000s ]
INFO: [ app_init ] --END-- [ RunTime:0.001000s ]
INFO: [ app_begin ] --START--
INFO: Run Behavior\ReadHtmlCacheBehavior [ RunTime:0.001000s ]
INFO: [ app_begin ] --END-- [ RunTime:0.001000s ]
ERR: 1146:La table 'discuz.pre_o_auth' n'existe pas
 [ SQL语句 ] : SHOW COLUMNS FROM `pre_o_auth`
ERR: 1146:La table 'discuz.pre_o_auth' n'existe pas
 [ SQL语句 ] : SHOW COLUMNS FROM `pre_o_auth`

[ 2016-08-01T13:39:14+08:00 ] 192.168.1.42 /Discuz/focus_sg/index.php/set/key
INFO: [ app_init ] --START--
INFO: Run Behavior\BuildLiteBehavior [ RunTime:0.001000s ]
INFO: [ app_init ] --END-- [ RunTime:0.001000s ]
INFO: [ app_begin ] --START--
INFO: Run Behavior\ReadHtmlCacheBehavior [ RunTime:0.001000s ]
INFO: [ app_begin ] --END-- [ RunTime:0.001000s ]

[ 2016-08-01T13:39:37+08:00 ] 192.168.1.42 /Discuz/focus_sg/index.php/set/key
INFO: [ app_init ] --START--
INFO: Run Behavior\BuildLiteBehavior [ RunTime:0.000000s ]
INFO: [ app_init ] --END-- [ RunTime:0.001000s ]
INFO: [ app_begin ] --START--
INFO: Run Behavior\ReadHtmlCacheBehavior [ RunTime:0.001000s ]
INFO: [ app_begin ] --END-- [ RunTime:0.001000s ]
NOTIC: [2048] Non-static method Think\OAuth::SetKey() should not be called statically, assuming $this from incompatible context E:\www\Discuz\focus_sg\Application\Home\Controller\OAuthController.class.php 第 42 行.
SQL: SHOW COLUMNS FROM `pre_focus_ouath_client` [ RunTime:0.0090s ]
ERR: 1048:Le champ 'en_name' ne peut être vide (null)
 [ SQL语句 ] : INSERT INTO `pre_focus_ouath_client` (`cn_name`,`en_name`,`appkey`,`secretkey`) VALUES ('',NULL,'f6cab59a218dc5086bd23cee9b4fb334','f6cab59a218dc5086bd23cee9b4fb334')
ERR: 1048:Le champ 'en_name' ne peut être vide (null)
 [ SQL语句 ] : INSERT INTO `pre_focus_ouath_client` (`cn_name`,`en_name`,`appkey`,`secretkey`) VALUES ('',NULL,'f6cab59a218dc5086bd23cee9b4fb334','f6cab59a218dc5086bd23cee9b4fb334')

[ 2016-08-01T14:03:26+08:00 ] 192.168.1.42 /Discuz/focus_sg/index.php/set/key?
INFO: [ app_init ] --START--
INFO: Run Behavior\BuildLiteBehavior [ RunTime:0.000000s ]
INFO: [ app_init ] --END-- [ RunTime:0.000000s ]
INFO: [ app_begin ] --START--
INFO: Run Behavior\ReadHtmlCacheBehavior [ RunTime:0.000000s ]
INFO: [ app_begin ] --END-- [ RunTime:0.000000s ]
NOTIC: [2048] Non-static method Think\OAuth::SetKey() should not be called statically, assuming $this from incompatible context E:\www\Discuz\focus_sg\Application\Home\Controller\OAuthController.class.php 第 42 行.
SQL: SHOW COLUMNS FROM `pre_focus_ouath_client` [ RunTime:0.0000s ]
ERR: 1048:Le champ 'en_name' ne peut être vide (null)
 [ SQL语句 ] : INSERT INTO `pre_focus_ouath_client` (`cn_name`,`en_name`,`appkey`,`secretkey`) VALUES ('卖家成长',NULL,'4fbc820c9939e324571d7bd176910989','a67bbf158467e5a59eb87e8fe7beb158')
ERR: 1048:Le champ 'en_name' ne peut être vide (null)
 [ SQL语句 ] : INSERT INTO `pre_focus_ouath_client` (`cn_name`,`en_name`,`appkey`,`secretkey`) VALUES ('卖家成长',NULL,'4fbc820c9939e324571d7bd176910989','a67bbf158467e5a59eb87e8fe7beb158')

[ 2016-08-01T14:04:28+08:00 ] 192.168.1.42 /Discuz/focus_sg/index.php/set/key?
INFO: [ app_init ] --START--
INFO: Run Behavior\BuildLiteBehavior [ RunTime:0.000000s ]
INFO: [ app_init ] --END-- [ RunTime:0.001000s ]
INFO: [ app_begin ] --START--
INFO: Run Behavior\ReadHtmlCacheBehavior [ RunTime:0.001000s ]
INFO: [ app_begin ] --END-- [ RunTime:0.001000s ]
NOTIC: [2048] Non-static method Think\OAuth::SetKey() should not be called statically, assuming $this from incompatible context E:\www\Discuz\focus_sg\Application\Home\Controller\OAuthController.class.php 第 42 行.
SQL: SHOW COLUMNS FROM `pre_focus_ouath_client` [ RunTime:0.0100s ]
ERR: 1048:Le champ 'en_name' ne peut être vide (null)
 [ SQL语句 ] : INSERT INTO `pre_focus_ouath_client` (`cn_name`,`en_name`,`appkey`,`secretkey`) VALUES ('卖家成长',NULL,'c8e01dd413f706867e1e7215bd54537a','206e8e1c0655cc5a7839dff5e055e3d6')
ERR: 1048:Le champ 'en_name' ne peut être vide (null)
 [ SQL语句 ] : INSERT INTO `pre_focus_ouath_client` (`cn_name`,`en_name`,`appkey`,`secretkey`) VALUES ('卖家成长',NULL,'c8e01dd413f706867e1e7215bd54537a','206e8e1c0655cc5a7839dff5e055e3d6')

[ 2016-08-01T14:05:58+08:00 ] 192.168.1.42 /Discuz/focus_sg/index.php/set/key?
INFO: [ app_init ] --START--
INFO: Run Behavior\BuildLiteBehavior [ RunTime:0.000000s ]
INFO: [ app_init ] --END-- [ RunTime:0.000000s ]
INFO: [ app_begin ] --START--
INFO: Run Behavior\ReadHtmlCacheBehavior [ RunTime:0.000000s ]
INFO: [ app_begin ] --END-- [ RunTime:0.000000s ]
NOTIC: [8] Undefined variable: res E:\www\Discuz\focus_sg\Application\Home\Controller\OAuthController.class.php 第 43 行.
NOTIC: [8] Undefined variable: res E:\www\Discuz\focus_sg\Application\Home\Controller\OAuthController.class.php 第 45 行.

[ 2016-08-01T14:06:34+08:00 ] 192.168.1.42 /Discuz/focus_sg/index.php/set/key?
INFO: [ app_init ] --START--
INFO: Run Behavior\BuildLiteBehavior [ RunTime:0.000000s ]
INFO: [ app_init ] --END-- [ RunTime:0.002000s ]
INFO: [ app_begin ] --START--
INFO: Run Behavior\ReadHtmlCacheBehavior [ RunTime:0.002000s ]
INFO: [ app_begin ] --END-- [ RunTime:0.002000s ]
NOTIC: [8] Undefined variable: res E:\www\Discuz\focus_sg\Application\Home\Controller\OAuthController.class.php 第 43 行.
NOTIC: [8] Undefined variable: res E:\www\Discuz\focus_sg\Application\Home\Controller\OAuthController.class.php 第 45 行.

[ 2016-08-01T14:06:44+08:00 ] 192.168.1.42 /Discuz/focus_sg/index.php/set/key?
INFO: [ app_init ] --START--
INFO: Run Behavior\BuildLiteBehavior [ RunTime:0.000000s ]
INFO: [ app_init ] --END-- [ RunTime:0.000000s ]
INFO: [ app_begin ] --START--
INFO: Run Behavior\ReadHtmlCacheBehavior [ RunTime:0.000000s ]
INFO: [ app_begin ] --END-- [ RunTime:0.000000s ]
NOTIC: [8] Undefined variable: res E:\www\Discuz\focus_sg\Application\Home\Controller\OAuthController.class.php 第 43 行.
NOTIC: [8] Undefined variable: res E:\www\Discuz\focus_sg\Application\Home\Controller\OAuthController.class.php 第 45 行.
NOTIC: [8] Undefined variable: arr E:\www\Discuz\focus_sg\Application\Home\Controller\OAuthController.class.php 第 49 行.

[ 2016-08-01T14:07:45+08:00 ] 192.168.1.42 /Discuz/focus_sg/index.php/set/key?
INFO: [ app_init ] --START--
INFO: Run Behavior\BuildLiteBehavior [ RunTime:0.000000s ]
INFO: [ app_init ] --END-- [ RunTime:0.015600s ]
INFO: [ app_begin ] --START--
INFO: Run Behavior\ReadHtmlCacheBehavior [ RunTime:0.000000s ]
INFO: [ app_begin ] --END-- [ RunTime:0.000000s ]
NOTIC: [2048] Non-static method Think\OAuth::SetKey() should not be called statically, assuming $this from incompatible context E:\www\Discuz\focus_sg\Application\Home\Controller\OAuthController.class.php 第 42 行.
SQL: SHOW COLUMNS FROM `pre_focus_ouath_client` [ RunTime:0.0156s ]
SQL: INSERT INTO `pre_focus_ouath_client` (`cn_name`,`en_name`,`appkey`,`secretkey`) VALUES ('卖家成长','sellergrowth','5d17be15400a901fcaccbdf7629de9ee','18b36a48bc551f4cb16284f88e515505') [ RunTime:0.0624s ]
SQL: SELECT `appkey`,`secretkey` FROM `pre_focus_ouath_client` WHERE ( id=3 ) LIMIT 1   [ RunTime:0.0000s ]

[ 2016-08-01T14:08:15+08:00 ] 192.168.1.42 /Discuz/focus_sg/index.php/set/key?
INFO: [ app_init ] --START--
INFO: Run Behavior\BuildLiteBehavior [ RunTime:0.000000s ]
INFO: [ app_init ] --END-- [ RunTime:0.000000s ]
INFO: [ app_begin ] --START--
INFO: Run Behavior\ReadHtmlCacheBehavior [ RunTime:0.000000s ]
INFO: [ app_begin ] --END-- [ RunTime:0.000000s ]
NOTIC: [2048] Non-static method Think\OAuth::SetKey() should not be called statically, assuming $this from incompatible context E:\www\Discuz\focus_sg\Application\Home\Controller\OAuthController.class.php 第 42 行.
SQL: SHOW COLUMNS FROM `pre_focus_ouath_client` [ RunTime:0.0156s ]
SQL: INSERT INTO `pre_focus_ouath_client` (`cn_name`,`en_name`,`appkey`,`secretkey`) VALUES ('卖家成长','sellergrowth','4a14a4565e4266f65d89953a0afa880b','aa211fad59f885156c5fe0ce9d14b02e') [ RunTime:0.0624s ]
SQL: SELECT `appkey`,`secretkey` FROM `pre_focus_ouath_client` WHERE ( id=4 ) LIMIT 1   [ RunTime:0.0000s ]

[ 2016-08-01T14:13:14+08:00 ] 192.168.1.42 /Discuz/focus_sg/index.php/set/key?
INFO: [ app_init ] --START--
INFO: Run Behavior\BuildLiteBehavior [ RunTime:0.000000s ]
INFO: [ app_init ] --END-- [ RunTime:0.001000s ]
INFO: [ app_begin ] --START--
INFO: Run Behavior\ReadHtmlCacheBehavior [ RunTime:0.001000s ]
INFO: [ app_begin ] --END-- [ RunTime:0.001000s ]

[ 2016-08-01T14:13:38+08:00 ] 192.168.1.42 /Discuz/focus_sg/index.php/set/key?
INFO: [ app_init ] --START--
INFO: Run Behavior\BuildLiteBehavior [ RunTime:0.000000s ]
INFO: [ app_init ] --END-- [ RunTime:0.001000s ]
INFO: [ app_begin ] --START--
INFO: Run Behavior\ReadHtmlCacheBehavior [ RunTime:0.000000s ]
INFO: [ app_begin ] --END-- [ RunTime:0.001000s ]
NOTIC: [2048] Non-static method Think\OAuth::SetKey() should not be called statically, assuming $this from incompatible context E:\www\Discuz\focus_sg\Application\Home\Controller\OAuthController.class.php 第 47 行.
SQL: SHOW COLUMNS FROM `pre_focus_ouath_client` [ RunTime:0.0060s ]
SQL: INSERT INTO `pre_focus_ouath_client` (`cn_name`,`en_name`,`redirect_url`,`appkey`,`secretkey`) VALUES ('','','','affacb277cc7ffa19f581ae30fab1d73','affacb277cc7ffa19f581ae30fab1d73d41d8cd98f00b204e9800998ecf8427e') [ RunTime:0.0620s ]
SQL: SELECT `appkey`,`secretkey` FROM `pre_focus_ouath_client` WHERE ( id=5 ) LIMIT 1   [ RunTime:0.0010s ]

[ 2016-08-01T14:14:40+08:00 ] 192.168.1.42 /Discuz/focus_sg/index.php/set/key?
INFO: [ app_init ] --START--
INFO: Run Behavior\BuildLiteBehavior [ RunTime:0.000000s ]
INFO: [ app_init ] --END-- [ RunTime:0.000000s ]
INFO: [ app_begin ] --START--
INFO: Run Behavior\ReadHtmlCacheBehavior [ RunTime:0.000000s ]
INFO: [ app_begin ] --END-- [ RunTime:0.000000s ]

[ 2016-08-01T14:14:49+08:00 ] 192.168.1.42 /Discuz/focus_sg/index.php/check/key?
INFO: [ app_init ] --START--
INFO: Run Behavior\BuildLiteBehavior [ RunTime:0.000000s ]
INFO: [ app_init ] --END-- [ RunTime:0.001000s ]
INFO: [ app_begin ] --START--
INFO: Run Behavior\ReadHtmlCacheBehavior [ RunTime:0.000000s ]
INFO: [ app_begin ] --END-- [ RunTime:0.001000s ]
NOTIC: [2048] Non-static method Think\OAuth::CheckKey() should not be called statically, assuming $this from incompatible context E:\www\Discuz\focus_sg\Application\Home\Controller\OAuthController.class.php 第 21 行.
SQL: SHOW COLUMNS FROM `pre_focus_ouath_client` [ RunTime:0.0080s ]
ERR: 1054:Champ '4a14a4565e4266f65d89953a0afa880b' inconnu dans where clause
 [ SQL语句 ] : SELECT `secretkey` FROM `pre_focus_ouath_client` WHERE ( appkey=4a14a4565e4266f65d89953a0afa880b ) LIMIT 1  
ERR: 1054:Champ '4a14a4565e4266f65d89953a0afa880b' inconnu dans where clause
 [ SQL语句 ] : SELECT `secretkey` FROM `pre_focus_ouath_client` WHERE ( appkey=4a14a4565e4266f65d89953a0afa880b ) LIMIT 1  

[ 2016-08-01T14:17:24+08:00 ] 192.168.1.42 /Discuz/focus_sg/index.php/check/key?
INFO: [ app_init ] --START--
INFO: Run Behavior\BuildLiteBehavior [ RunTime:0.000000s ]
INFO: [ app_init ] --END-- [ RunTime:0.000000s ]
INFO: [ app_begin ] --START--
INFO: Run Behavior\ReadHtmlCacheBehavior [ RunTime:0.000000s ]
INFO: [ app_begin ] --END-- [ RunTime:0.000000s ]

[ 2016-08-01T14:17:44+08:00 ] 192.168.1.42 /Discuz/focus_sg/index.php/check/key?
INFO: [ app_init ] --START--
INFO: Run Behavior\BuildLiteBehavior [ RunTime:0.000000s ]
INFO: [ app_init ] --END-- [ RunTime:0.000000s ]
INFO: [ app_begin ] --START--
INFO: Run Behavior\ReadHtmlCacheBehavior [ RunTime:0.000000s ]
INFO: [ app_begin ] --END-- [ RunTime:0.000000s ]
NOTIC: [2048] Non-static method Think\OAuth::CheckKey() should not be called statically, assuming $this from incompatible context E:\www\Discuz\focus_sg\Application\Home\Controller\OAuthController.class.php 第 21 行.
SQL: SHOW COLUMNS FROM `pre_focus_ouath_client` [ RunTime:0.0156s ]
SQL: SELECT `secretkey` FROM `pre_focus_ouath_client` WHERE ( appkey='4a14a4565e4266f65d89953a0afa880b' ) LIMIT 1   [ RunTime:0.0000s ]
ERR: 模板不存在:./Application/Home/View/Login/login.html

[ 2016-08-01T14:22:08+08:00 ] 192.168.1.42 /Discuz/focus_sg/index.php/check/key?
INFO: [ app_init ] --START--
INFO: Run Behavior\BuildLiteBehavior [ RunTime:0.000000s ]
INFO: [ app_init ] --END-- [ RunTime:0.000000s ]
INFO: [ app_begin ] --START--
INFO: Run Behavior\ReadHtmlCacheBehavior [ RunTime:0.000000s ]
INFO: [ app_begin ] --END-- [ RunTime:0.000000s ]
NOTIC: [2048] Non-static method Think\OAuth::CheckKey() should not be called statically, assuming $this from incompatible context E:\www\Discuz\focus_sg\Application\Home\Controller\OAuthController.class.php 第 21 行.
SQL: SHOW COLUMNS FROM `pre_focus_ouath_client` [ RunTime:0.0156s ]
SQL: SELECT `secretkey` FROM `pre_focus_ouath_client` WHERE ( appkey='4a14a4565e4266f65d89953a0afa880b' ) LIMIT 1   [ RunTime:0.0000s ]
ERR: 模板不存在:./Application/Home/View/OAuth/login.html

[ 2016-08-01T14:31:55+08:00 ] 192.168.1.42 /Discuz/focus_sg/index.php/Home/OAuth/login.html
INFO: [ app_init ] --START--
INFO: Run Behavior\BuildLiteBehavior [ RunTime:0.000000s ]
INFO: [ app_init ] --END-- [ RunTime:0.001000s ]
INFO: [ app_begin ] --START--
INFO: Run Behavior\ReadHtmlCacheBehavior [ RunTime:0.000000s ]
INFO: [ app_begin ] --END-- [ RunTime:0.001000s ]
INFO: [ view_parse ] --START--
INFO: [ template_filter ] --START--
INFO: Run Behavior\ContentReplaceBehavior [ RunTime:0.000000s ]
INFO: [ template_filter ] --END-- [ RunTime:0.000000s ]
INFO: Run Behavior\ParseTemplateBehavior [ RunTime:0.027000s ]
INFO: [ view_parse ] --END-- [ RunTime:0.027000s ]
INFO: [ view_filter ] --START--
INFO: Run Behavior\WriteHtmlCacheBehavior [ RunTime:0.000000s ]
INFO: [ view_filter ] --END-- [ RunTime:0.001000s ]
INFO: [ app_end ] --START--
INFO: Run Behavior\ShowPageTraceBehavior [ RunTime:0.000000s ]
INFO: [ app_end ] --END-- [ RunTime:0.000000s ]

[ 2016-08-01T14:34:03+08:00 ] 192.168.1.42 /Discuz/focus_sg/index.php/check/key?
INFO: [ app_init ] --START--
INFO: Run Behavior\BuildLiteBehavior [ RunTime:0.000000s ]
INFO: [ app_init ] --END-- [ RunTime:0.000000s ]
INFO: [ app_begin ] --START--
INFO: Run Behavior\ReadHtmlCacheBehavior [ RunTime:0.001000s ]
INFO: [ app_begin ] --END-- [ RunTime:0.001000s ]
NOTIC: [2048] Non-static method Think\OAuth::CheckKey() should not be called statically, assuming $this from incompatible context E:\www\Discuz\focus_sg\Application\Home\Controller\OAuthController.class.php 第 21 行.
SQL: SHOW COLUMNS FROM `pre_focus_ouath_client` [ RunTime:0.0080s ]
SQL: SELECT `secretkey` FROM `pre_focus_ouath_client` WHERE ( appkey='4a14a4565e4266f65d89953a0afa880b' ) LIMIT 1   [ RunTime:0.0000s ]
INFO: [ view_parse ] --START--
INFO: [ template_filter ] --START--
INFO: Run Behavior\ContentReplaceBehavior [ RunTime:0.000000s ]
INFO: [ template_filter ] --END-- [ RunTime:0.000000s ]
INFO: Run Behavior\ParseTemplateBehavior [ RunTime:0.005000s ]
INFO: [ view_parse ] --END-- [ RunTime:0.005000s ]
INFO: [ view_filter ] --START--
INFO: Run Behavior\WriteHtmlCacheBehavior [ RunTime:0.001000s ]
INFO: [ view_filter ] --END-- [ RunTime:0.001000s ]
NOTIC: [8] Undefined variable: arr E:\www\Discuz\focus_sg\Application\Home\Controller\OAuthController.class.php 第 29 行.

[ 2016-08-01T14:41:34+08:00 ] ::1 /Discuz/focus_sg/
INFO: [ app_init ] --START--
INFO: Run Behavior\BuildLiteBehavior [ RunTime:0.000000s ]
INFO: [ app_init ] --END-- [ RunTime:0.001000s ]
INFO: [ app_begin ] --START--
INFO: Run Behavior\ReadHtmlCacheBehavior [ RunTime:0.001000s ]
INFO: [ app_begin ] --END-- [ RunTime:0.001000s ]
INFO: [ view_parse ] --START--
INFO: Run Behavior\ParseTemplateBehavior [ RunTime:0.001000s ]
INFO: [ view_parse ] --END-- [ RunTime:0.001000s ]
INFO: [ view_filter ] --START--
INFO: Run Behavior\WriteHtmlCacheBehavior [ RunTime:0.000000s ]
INFO: [ view_filter ] --END-- [ RunTime:0.001000s ]
INFO: [ app_end ] --START--
INFO: Run Behavior\ShowPageTraceBehavior [ RunTime:0.001000s ]
INFO: [ app_end ] --END-- [ RunTime:0.001000s ]

[ 2016-08-01T14:41:52+08:00 ] ::1 /Discuz/focus_sg/Home/OAuth/login.html
INFO: [ app_init ] --START--
INFO: Run Behavior\BuildLiteBehavior [ RunTime:0.000000s ]
INFO: [ app_init ] --END-- [ RunTime:0.001000s ]
INFO: [ app_begin ] --START--
INFO: Run Behavior\ReadHtmlCacheBehavior [ RunTime:0.001000s ]
INFO: [ app_begin ] --END-- [ RunTime:0.001000s ]
INFO: [ view_parse ] --START--
INFO: [ template_filter ] --START--
INFO: Run Behavior\ContentReplaceBehavior [ RunTime:0.000000s ]
INFO: [ template_filter ] --END-- [ RunTime:0.000000s ]
INFO: Run Behavior\ParseTemplateBehavior [ RunTime:0.008000s ]
INFO: [ view_parse ] --END-- [ RunTime:0.009000s ]
INFO: [ view_filter ] --START--
INFO: Run Behavior\WriteHtmlCacheBehavior [ RunTime:0.000000s ]
INFO: [ view_filter ] --END-- [ RunTime:0.000000s ]
INFO: [ app_end ] --START--
INFO: Run Behavior\ShowPageTraceBehavior [ RunTime:0.000000s ]
INFO: [ app_end ] --END-- [ RunTime:0.001000s ]

[ 2016-08-01T14:41:55+08:00 ] ::1 /Discuz/focus_sg/Home/OAuth/login.html?username=sda&password=
INFO: [ app_init ] --START--
INFO: Run Behavior\BuildLiteBehavior [ RunTime:0.000000s ]
INFO: [ app_init ] --END-- [ RunTime:0.001000s ]
INFO: [ app_begin ] --START--
INFO: Run Behavior\ReadHtmlCacheBehavior [ RunTime:0.000000s ]
INFO: [ app_begin ] --END-- [ RunTime:0.002000s ]
INFO: [ view_parse ] --START--
INFO: [ template_filter ] --START--
INFO: Run Behavior\ContentReplaceBehavior [ RunTime:0.000000s ]
INFO: [ template_filter ] --END-- [ RunTime:0.001000s ]
INFO: Run Behavior\ParseTemplateBehavior [ RunTime:0.008000s ]
INFO: [ view_parse ] --END-- [ RunTime:0.010000s ]
INFO: [ view_filter ] --START--
INFO: Run Behavior\WriteHtmlCacheBehavior [ RunTime:0.000000s ]
INFO: [ view_filter ] --END-- [ RunTime:0.000000s ]
INFO: [ app_end ] --START--
INFO: Run Behavior\ShowPageTraceBehavior [ RunTime:0.001000s ]
INFO: [ app_end ] --END-- [ RunTime:0.001000s ]

[ 2016-08-01T14:58:28+08:00 ] 192.168.1.42 /Discuz/focus_sg/index.php/check/key?
INFO: [ app_init ] --START--
INFO: Run Behavior\BuildLiteBehavior [ RunTime:0.000000s ]
INFO: [ app_init ] --END-- [ RunTime:0.001000s ]
INFO: [ app_begin ] --START--
INFO: Run Behavior\ReadHtmlCacheBehavior [ RunTime:0.001000s ]
INFO: [ app_begin ] --END-- [ RunTime:0.001000s ]

[ 2016-08-01T14:58:45+08:00 ] 192.168.1.42 /Discuz/focus_sg/index.php/check/key?
INFO: [ app_init ] --START--
INFO: Run Behavior\BuildLiteBehavior [ RunTime:0.000000s ]
INFO: [ app_init ] --END-- [ RunTime:0.000000s ]
INFO: [ app_begin ] --START--
INFO: Run Behavior\ReadHtmlCacheBehavior [ RunTime:0.000000s ]
INFO: [ app_begin ] --END-- [ RunTime:0.000000s ]

[ 2016-08-01T16:09:48+08:00 ] 192.168.1.42 /Discuz/focus_sg/index.php/set/key?
INFO: [ app_init ] --START--
INFO: Run Behavior\BuildLiteBehavior [ RunTime:0.000000s ]
INFO: [ app_init ] --END-- [ RunTime:0.001000s ]
INFO: [ app_begin ] --START--
INFO: Run Behavior\ReadHtmlCacheBehavior [ RunTime:0.002000s ]
INFO: [ app_begin ] --END-- [ RunTime:0.002000s ]

[ 2016-08-01T16:10:01+08:00 ] 192.168.1.42 /Discuz/focus_sg/index.php/set/key?
INFO: [ app_init ] --START--
INFO: Run Behavior\BuildLiteBehavior [ RunTime:0.000000s ]
INFO: [ app_init ] --END-- [ RunTime:0.001000s ]
INFO: [ app_begin ] --START--
INFO: Run Behavior\ReadHtmlCacheBehavior [ RunTime:0.001000s ]
INFO: [ app_begin ] --END-- [ RunTime:0.002000s ]

[ 2016-08-01T16:10:41+08:00 ] 192.168.1.42 /Discuz/focus_sg/index.php/set/key?
INFO: [ app_init ] --START--
INFO: Run Behavior\BuildLiteBehavior [ RunTime:0.000000s ]
INFO: [ app_init ] --END-- [ RunTime:0.000000s ]
INFO: [ app_begin ] --START--
INFO: Run Behavior\ReadHtmlCacheBehavior [ RunTime:0.000000s ]
INFO: [ app_begin ] --END-- [ RunTime:0.000000s ]

[ 2016-08-01T16:10:56+08:00 ] 192.168.1.42 /Discuz/focus_sg/index.php/set/key?
INFO: [ app_init ] --START--
INFO: Run Behavior\BuildLiteBehavior [ RunTime:0.000000s ]
INFO: [ app_init ] --END-- [ RunTime:0.000000s ]
INFO: [ app_begin ] --START--
INFO: Run Behavior\ReadHtmlCacheBehavior [ RunTime:0.000000s ]
INFO: [ app_begin ] --END-- [ RunTime:0.000000s ]

[ 2016-08-01T16:11:25+08:00 ] 192.168.1.42 /Discuz/focus_sg/index.php/set/key?
INFO: [ app_init ] --START--
INFO: Run Behavior\BuildLiteBehavior [ RunTime:0.000000s ]
INFO: [ app_init ] --END-- [ RunTime:0.000000s ]
INFO: [ app_begin ] --START--
INFO: Run Behavior\ReadHtmlCacheBehavior [ RunTime:0.000000s ]
INFO: [ app_begin ] --END-- [ RunTime:0.000000s ]

[ 2016-08-01T16:11:41+08:00 ] 192.168.1.42 /Discuz/focus_sg/index.php/set/key?
INFO: [ app_init ] --START--
INFO: Run Behavior\BuildLiteBehavior [ RunTime:0.000000s ]
INFO: [ app_init ] --END-- [ RunTime:0.000000s ]
INFO: [ app_begin ] --START--
INFO: Run Behavior\ReadHtmlCacheBehavior [ RunTime:0.000000s ]
INFO: [ app_begin ] --END-- [ RunTime:0.000000s ]
NOTIC: [2048] Non-static method Think\OAuth::SetKey() should not be called statically, assuming $this from incompatible context E:\www\Discuz\focus_sg\Application\Home\Controller\OAuthController.class.php 第 58 行.
SQL: SHOW COLUMNS FROM `pre_focus_ouath_client` [ RunTime:0.0156s ]
SQL: INSERT INTO `pre_focus_ouath_client` (`cn_name`,`en_name`,`redirect_url`,`appkey`,`secretkey`,`create_time`,`visit_time`) VALUES ('卖家成长','sellergrowth','','2c7a8bab915fdcd7effe6a2886c3d760','2b74a32058966853cba5ac119cfa788ed41d8cd98f00b204e9800998ecf8427e','1470039101','1470039101') [ RunTime:0.0780s ]
SQL: SELECT `appkey`,`secretkey` FROM `pre_focus_ouath_client` WHERE ( id=6 ) LIMIT 1   [ RunTime:0.0000s ]

[ 2016-08-01T16:53:02+08:00 ] 192.168.1.42 /Discuz/focus_sg/index.php/set/key?
INFO: [ app_init ] --START--
INFO: Run Behavior\BuildLiteBehavior [ RunTime:0.000000s ]
INFO: [ app_init ] --END-- [ RunTime:0.000000s ]
INFO: [ app_begin ] --START--
INFO: Run Behavior\ReadHtmlCacheBehavior [ RunTime:0.000000s ]
INFO: [ app_begin ] --END-- [ RunTime:0.000000s ]

[ 2016-08-01T16:53:17+08:00 ] 192.168.1.42 /Discuz/focus_sg/index.php/set/key?
INFO: [ app_init ] --START--
INFO: Run Behavior\BuildLiteBehavior [ RunTime:0.000000s ]
INFO: [ app_init ] --END-- [ RunTime:0.000000s ]
INFO: [ app_begin ] --START--
INFO: Run Behavior\ReadHtmlCacheBehavior [ RunTime:0.000000s ]
INFO: [ app_begin ] --END-- [ RunTime:0.000000s ]
NOTIC: [2048] Non-static method Think\OAuth::SetKey() should not be called statically, assuming $this from incompatible context E:\www\Discuz\focus_sg\Application\Home\Controller\OAuthController.class.php 第 59 行.
SQL: SHOW COLUMNS FROM `pre_focus_ouath_client` [ RunTime:0.0000s ]
SQL: INSERT INTO `pre_focus_ouath_client` (`cn_name`,`en_name`,`redirect_url`,`appkey`,`secretkey`,`create_time`,`visit_time`) VALUES ('卖家成长','sellergrowth','','716087e791c2a4d443a8e789204128da','ecdf7b1c743cfba5ec1ccd167f82c294d41d8cd98f00b204e9800998ecf8427e','1470041597','1470041597') [ RunTime:0.1248s ]
SQL: SELECT `appkey`,`secretkey` FROM `pre_focus_ouath_client` WHERE ( id=7 ) LIMIT 1   [ RunTime:0.0000s ]

[ 2016-08-01T16:53:51+08:00 ] 192.168.1.42 /Discuz/focus_sg/index.php/set/key?
INFO: [ app_init ] --START--
INFO: Run Behavior\BuildLiteBehavior [ RunTime:0.000000s ]
INFO: [ app_init ] --END-- [ RunTime:0.000000s ]
INFO: [ app_begin ] --START--
INFO: Run Behavior\ReadHtmlCacheBehavior [ RunTime:0.000000s ]
INFO: [ app_begin ] --END-- [ RunTime:0.000000s ]
NOTIC: [2048] Non-static method Think\OAuth::SetKey() should not be called statically, assuming $this from incompatible context E:\www\Discuz\focus_sg\Application\Home\Controller\OAuthController.class.php 第 59 行.
SQL: SHOW COLUMNS FROM `pre_focus_ouath_client` [ RunTime:0.0156s ]
SQL: INSERT INTO `pre_focus_ouath_client` (`cn_name`,`en_name`,`redirect_url`,`appkey`,`secretkey`,`create_time`,`visit_time`) VALUES ('卖家成长','sellergrowth','','d43777377ef73dbfca795909d1149960','730d271a033d22eca4f42338ce5e5bbad41d8cd98f00b204e9800998ecf8427e','2016-08-01 16:53:51','2016-08-01 16:53:51') [ RunTime:0.0312s ]
SQL: SELECT `appkey`,`secretkey` FROM `pre_focus_ouath_client` WHERE ( id=8 ) LIMIT 1   [ RunTime:0.0156s ]

